Performing C SOURCE FILE Test CMAKE_HAVE_LIBC_PTHREAD failed with the following output:
Change Dir: /home/luxc/vice_ROS_OD_SC/catkin_ws/build_isolated/agitr/CMakeFiles/CMakeTmp

Run Build Command(s):/usr/bin/make cmTC_cc9cf/fast && /usr/bin/make  -f CMakeFiles/cmTC_cc9cf.dir/build.make CMakeFiles/cmTC_cc9cf.dir/build
make[1]: Entering directory '/home/luxc/vice_ROS_OD_SC/catkin_ws/build_isolated/agitr/CMakeFiles/CMakeTmp'
Building C object CMakeFiles/cmTC_cc9cf.dir/src.c.o
/usr/bin/cc -DCMAKE_HAVE_LIBC_PTHREAD   -o CMakeFiles/cmTC_cc9cf.dir/src.c.o -c /home/luxc/vice_ROS_OD_SC/catkin_ws/build_isolated/agitr/CMakeFiles/CMakeTmp/src.c
Linking C executable cmTC_cc9cf
/usr/local/bin/cmake -E cmake_link_script CMakeFiles/cmTC_cc9cf.dir/link.txt --verbose=1
/usr/bin/cc -rdynamic CMakeFiles/cmTC_cc9cf.dir/src.c.o -o cmTC_cc9cf 
CMakeFiles/cmTC_cc9cf.dir/src.c.o: In function `main':
src.c:(.text+0x3e): undefined reference to `pthread_create'
src.c:(.text+0x4a): undefined reference to `pthread_detach'
src.c:(.text+0x56): undefined reference to `pthread_cancel'
src.c:(.text+0x67): undefined reference to `pthread_join'
src.c:(.text+0x7b): undefined reference to `pthread_atfork'
collect2: error: ld returned 1 exit status
CMakeFiles/cmTC_cc9cf.dir/build.make:105: recipe for target 'cmTC_cc9cf' failed
make[1]: *** [cmTC_cc9cf] Error 1
make[1]: Leaving directory '/home/luxc/vice_ROS_OD_SC/catkin_ws/build_isolated/agitr/CMakeFiles/CMakeTmp'
Makefile:140: recipe for target 'cmTC_cc9cf/fast' failed
make: *** [cmTC_cc9cf/fast] Error 2


Source file was:
#include <pthread.h>

static void* test_func(void* data)
{
  return data;
}

int main(void)
{
  pthread_t thread;
  pthread_create(&thread, NULL, test_func, NULL);
  pthread_detach(thread);
  pthread_cancel(thread);
  pthread_join(thread, NULL);
  pthread_atfork(NULL, NULL, NULL);
  pthread_exit(NULL);

  return 0;
}

Determining if the function pthread_create exists in the pthreads failed with the following output:
Change Dir: /home/luxc/vice_ROS_OD_SC/catkin_ws/build_isolated/agitr/CMakeFiles/CMakeTmp

Run Build Command(s):/usr/bin/make cmTC_87ff1/fast && /usr/bin/make  -f CMakeFiles/cmTC_87ff1.dir/build.make CMakeFiles/cmTC_87ff1.dir/build
make[1]: Entering directory '/home/luxc/vice_ROS_OD_SC/catkin_ws/build_isolated/agitr/CMakeFiles/CMakeTmp'
Building C object CMakeFiles/cmTC_87ff1.dir/CheckFunctionExists.c.o
/usr/bin/cc   -DCHECK_FUNCTION_EXISTS=pthread_create -o CMakeFiles/cmTC_87ff1.dir/CheckFunctionExists.c.o -c /usr/local/share/cmake-3.19/Modules/CheckFunctionExists.c
Linking C executable cmTC_87ff1
/usr/local/bin/cmake -E cmake_link_script CMakeFiles/cmTC_87ff1.dir/link.txt --verbose=1
/usr/bin/cc  -DCHECK_FUNCTION_EXISTS=pthread_create -rdynamic CMakeFiles/cmTC_87ff1.dir/CheckFunctionExists.c.o -o cmTC_87ff1  -lpthreads 
/usr/bin/ld: cannot find -lpthreads
collect2: error: ld returned 1 exit status
CMakeFiles/cmTC_87ff1.dir/build.make:105: recipe for target 'cmTC_87ff1' failed
make[1]: *** [cmTC_87ff1] Error 1
make[1]: Leaving directory '/home/luxc/vice_ROS_OD_SC/catkin_ws/build_isolated/agitr/CMakeFiles/CMakeTmp'
Makefile:140: recipe for target 'cmTC_87ff1/fast' failed
make: *** [cmTC_87ff1/fast] Error 2



